[ 2019-01-01T11:37:08+08:00 ] ERR: (ThinkException) 无法加载模块:Index/show/age/19/name/daliang
[ 2019-01-01T11:37:26+08:00 ] 0.0.0.0 /index.php/Index-show-age-19-name-daliang
INFO: [ route_check ] --START--
INFO: Run CheckRoute Behavior [ RunTime:0.000999s ]
INFO: [ route_check ] --END-- [ RunTime:0.001128s ]
INFO: [ app_begin ] --START--
INFO: Run ReadHtmlCache Behavior [ RunTime:0.000798s ]
INFO: [ app_begin ] --END-- [ RunTime:0.000863s ]
NOTIC: [2048] Declaration of IndexAction::show() should be compatible with Action::show($content, $charset = '', $contentType = '', $prefix = '') D:\myphp_www\PHPTutorial\WWW\Home\Lib\Action\IndexAction.class.php 第 18 行.

[ 2019-01-01T11:37:37+08:00 ] ERR: (ThinkException) 无法加载模块:Index-show-age-19-name-daliang
[ 2019-01-01T11:37:51+08:00 ] 0.0.0.0 /index.php/Index/show/age/19/name/daliang
INFO: [ route_check ] --START--
INFO: Run CheckRoute Behavior [ RunTime:0.001115s ]
INFO: [ route_check ] --END-- [ RunTime:0.001226s ]
INFO: [ app_begin ] --START--
INFO: Run ReadHtmlCache Behavior [ RunTime:0.001211s ]
INFO: [ app_begin ] --END-- [ RunTime:0.001342s ]
NOTIC: [2048] Declaration of IndexAction::show() should be compatible with Action::show($content, $charset = '', $contentType = '', $prefix = '') D:\myphp_www\PHPTutorial\WWW\Home\Lib\Action\IndexAction.class.php 第 18 行.

[ 2019-01-01T12:02:49+08:00 ] ERR: (ThinkException) 无法加载模块:Index.php
[ 2019-01-01T12:04:11+08:00 ] ERR: (ThinkException) 无法加载模块:Index.php
[ 2019-01-01T12:04:19+08:00 ] 0.0.0.0 /index.php/Index/show
INFO: [ route_check ] --START--
INFO: Run CheckRoute Behavior [ RunTime:0.000820s ]
INFO: [ route_check ] --END-- [ RunTime:0.000876s ]
INFO: [ app_begin ] --START--
INFO: Run ReadHtmlCache Behavior [ RunTime:0.000657s ]
INFO: [ app_begin ] --END-- [ RunTime:0.000697s ]
NOTIC: [2048] Declaration of IndexAction::show() should be compatible with Action::show($content, $charset = '', $contentType = '', $prefix = '') D:\myphp_www\PHPTutorial\WWW\Home\Lib\Action\IndexAction.class.php 第 18 行.
NOTIC: [8] Undefined index: name D:\myphp_www\PHPTutorial\WWW\Home\Lib\Action\IndexAction.class.php 第 13 行.

[ 2019-01-01T12:04:23+08:00 ] ERR: (ThinkException) 模板不存在[./Home/Tpl/Index/index.html]
[ 2019-01-01T12:04:32+08:00 ] ERR: (ThinkException) 模板不存在[./Home/Tpl/Index/index.html]
[ 2019-01-01T12:05:10+08:00 ] ERR: (ThinkException) 模板不存在[./Home/Tpl/Index/index.html]
[ 2019-01-01T12:05:11+08:00 ] ERR: (ThinkException) 模板不存在[./Home/Tpl/Index/index.html]
[ 2019-01-01T12:05:11+08:00 ] ERR: (ThinkException) 模板不存在[./Home/Tpl/Index/index.html]
[ 2019-01-01T12:05:11+08:00 ] ERR: (ThinkException) 模板不存在[./Home/Tpl/Index/index.html]
[ 2019-01-01T12:05:11+08:00 ] ERR: (ThinkException) 模板不存在[./Home/Tpl/Index/index.html]
[ 2019-01-01T12:05:11+08:00 ] ERR: (ThinkException) 模板不存在[./Home/Tpl/Index/index.html]
[ 2019-01-01T12:05:12+08:00 ] ERR: (ThinkException) 模板不存在[./Home/Tpl/Index/index.html]
[ 2019-01-01T12:05:12+08:00 ] ERR: (ThinkException) 模板不存在[./Home/Tpl/Index/index.html]
[ 2019-01-01T12:05:12+08:00 ] ERR: (ThinkException) 模板不存在[./Home/Tpl/Index/index.html]
[ 2019-01-01T12:05:13+08:00 ] ERR: (ThinkException) 模板不存在[./Home/Tpl/Index/index.html]
[ 2019-01-01T12:05:13+08:00 ] ERR: (ThinkException) 模板不存在[./Home/Tpl/Index/index.html]
[ 2019-01-01T12:05:55+08:00 ] ERR: (ThinkException) 模板不存在[./Home/Tpl/Index/index.html]
[ 2019-01-01T12:05:56+08:00 ] 0.0.0.0 /index.php/Index/index
INFO: [ route_check ] --START--
INFO: Run CheckRoute Behavior [ RunTime:0.000859s ]
INFO: [ route_check ] --END-- [ RunTime:0.000924s ]
INFO: [ app_begin ] --START--
INFO: Run ReadHtmlCache Behavior [ RunTime:0.000727s ]
INFO: [ app_begin ] --END-- [ RunTime:0.000776s ]
NOTIC: [2048] Declaration of IndexAction::show() should be compatible with Action::show($content, $charset = '', $contentType = '', $prefix = '') D:\myphp_www\PHPTutorial\WWW\Home\Lib\Action\IndexAction.class.php 第 18 行.
INFO: [ view_template ] --START--
INFO: Run LocationTemplate Behavior [ RunTime:0.001501s ]
INFO: [ view_template ] --END-- [ RunTime:0.001568s ]
INFO: [ view_parse ] --START--
INFO: Run ParseTemplate Behavior [ RunTime:0.013949s ]
INFO: [ view_parse ] --END-- [ RunTime:0.014023s ]
INFO: [ view_filter ] --START--
INFO: Run ContentReplace Behavior [ RunTime:0.001527s ]
INFO: Run TokenBuild Behavior [ RunTime:0.001258s ]
INFO: Run WriteHtmlCache Behavior [ RunTime:0.002847s ]
INFO: Run ShowRuntime Behavior [ RunTime:0.002487s ]
INFO: [ view_filter ] --END-- [ RunTime:0.008285s ]
INFO: [ view_end ] --START--
INFO: Run ShowPageTrace Behavior [ RunTime:0.001517s ]
INFO: [ view_end ] --END-- [ RunTime:0.001566s ]

[ 2019-01-01T12:07:18+08:00 ] 0.0.0.0 /index.php/Index/index
INFO: [ route_check ] --START--
INFO: Run CheckRoute Behavior [ RunTime:0.001379s ]
INFO: [ route_check ] --END-- [ RunTime:0.001441s ]
INFO: [ app_begin ] --START--
INFO: Run ReadHtmlCache Behavior [ RunTime:0.000840s ]
INFO: [ app_begin ] --END-- [ RunTime:0.000886s ]
NOTIC: [2048] Declaration of IndexAction::show() should be compatible with Action::show($content, $charset = '', $contentType = '', $prefix = '') D:\myphp_www\PHPTutorial\WWW\Home\Lib\Action\IndexAction.class.php 第 18 行.
INFO: [ view_template ] --START--
INFO: Run LocationTemplate Behavior [ RunTime:0.000907s ]
INFO: [ view_template ] --END-- [ RunTime:0.000952s ]
INFO: [ view_parse ] --START--
INFO: Run ParseTemplate Behavior [ RunTime:0.005786s ]
INFO: [ view_parse ] --END-- [ RunTime:0.005836s ]
INFO: [ view_filter ] --START--
INFO: Run ContentReplace Behavior [ RunTime:0.000736s ]
INFO: Run TokenBuild Behavior [ RunTime:0.000701s ]
INFO: Run WriteHtmlCache Behavior [ RunTime:0.000550s ]
INFO: Run ShowRuntime Behavior [ RunTime:0.001042s ]
INFO: [ view_filter ] --END-- [ RunTime:0.003174s ]
INFO: [ view_end ] --START--
INFO: Run ShowPageTrace Behavior [ RunTime:0.000870s ]
INFO: [ view_end ] --END-- [ RunTime:0.000969s ]

[ 2019-01-01T12:25:21+08:00 ] 0.0.0.0 /index.php/Index/show
INFO: [ route_check ] --START--
INFO: Run CheckRoute Behavior [ RunTime:0.002114s ]
INFO: [ route_check ] --END-- [ RunTime:0.002205s ]
INFO: [ app_begin ] --START--
INFO: Run ReadHtmlCache Behavior [ RunTime:0.001107s ]
INFO: [ app_begin ] --END-- [ RunTime:0.001159s ]
NOTIC: [2048] Declaration of IndexAction::show() should be compatible with Action::show($content, $charset = '', $contentType = '', $prefix = '') D:\myphp_www\PHPTutorial\WWW\Home\Lib\Action\IndexAction.class.php 第 19 行.
NOTIC: [8] Undefined index: name D:\myphp_www\PHPTutorial\WWW\Home\Lib\Action\IndexAction.class.php 第 14 行.

[ 2019-01-01T12:25:21+08:00 ] 0.0.0.0 /index.php
INFO: [ app_begin ] --START--
INFO: Run ReadHtmlCache Behavior [ RunTime:0.001603s ]
INFO: [ app_begin ] --END-- [ RunTime:0.001685s ]
NOTIC: [2048] Declaration of IndexAction::show() should be compatible with Action::show($content, $charset = '', $contentType = '', $prefix = '') D:\myphp_www\PHPTutorial\WWW\Home\Lib\Action\IndexAction.class.php 第 19 行.
INFO: [ view_template ] --START--
INFO: Run LocationTemplate Behavior [ RunTime:0.002755s ]
INFO: [ view_template ] --END-- [ RunTime:0.002814s ]
INFO: [ view_parse ] --START--
INFO: Run ParseTemplate Behavior [ RunTime:0.012373s ]
INFO: [ view_parse ] --END-- [ RunTime:0.012449s ]
INFO: [ view_filter ] --START--
INFO: Run ContentReplace Behavior [ RunTime:0.001371s ]
INFO: Run TokenBuild Behavior [ RunTime:0.001410s ]
INFO: Run WriteHtmlCache Behavior [ RunTime:0.001175s ]
INFO: Run ShowRuntime Behavior [ RunTime:0.001346s ]
INFO: [ view_filter ] --END-- [ RunTime:0.005464s ]
INFO: [ view_end ] --START--
INFO: Run ShowPageTrace Behavior [ RunTime:0.001394s ]
INFO: [ view_end ] --END-- [ RunTime:0.001437s ]

[ 2019-01-01T12:25:49+08:00 ] 0.0.0.0 /index.php/Index/show
INFO: [ route_check ] --START--
INFO: Run CheckRoute Behavior [ RunTime:0.000776s ]
INFO: [ route_check ] --END-- [ RunTime:0.000829s ]
INFO: [ app_begin ] --START--
INFO: Run ReadHtmlCache Behavior [ RunTime:0.000633s ]
INFO: [ app_begin ] --END-- [ RunTime:0.000672s ]
NOTIC: [2048] Declaration of IndexAction::show() should be compatible with Action::show($content, $charset = '', $contentType = '', $prefix = '') D:\myphp_www\PHPTutorial\WWW\Home\Lib\Action\IndexAction.class.php 第 19 行.
NOTIC: [8] Undefined index: name D:\myphp_www\PHPTutorial\WWW\Home\Lib\Action\IndexAction.class.php 第 14 行.

[ 2019-01-01T12:25:50+08:00 ] 0.0.0.0 /index.php/Index/show
INFO: [ route_check ] --START--
INFO: Run CheckRoute Behavior [ RunTime:0.000973s ]
INFO: [ route_check ] --END-- [ RunTime:0.001037s ]
INFO: [ app_begin ] --START--
INFO: Run ReadHtmlCache Behavior [ RunTime:0.000982s ]
INFO: [ app_begin ] --END-- [ RunTime:0.001032s ]
NOTIC: [2048] Declaration of IndexAction::show() should be compatible with Action::show($content, $charset = '', $contentType = '', $prefix = '') D:\myphp_www\PHPTutorial\WWW\Home\Lib\Action\IndexAction.class.php 第 16 行.
INFO: [ view_template ] --START--
INFO: Run LocationTemplate Behavior [ RunTime:0.001326s ]
INFO: [ view_template ] --END-- [ RunTime:0.001367s ]
INFO: [ view_parse ] --START--
INFO: Run ParseTemplate Behavior [ RunTime:0.007015s ]
INFO: [ view_parse ] --END-- [ RunTime:0.007065s ]
INFO: [ view_filter ] --START--
INFO: Run ContentReplace Behavior [ RunTime:0.000760s ]
INFO: Run TokenBuild Behavior [ RunTime:0.000769s ]
INFO: Run WriteHtmlCache Behavior [ RunTime:0.000670s ]
INFO: Run ShowRuntime Behavior [ RunTime:0.000792s ]
INFO: [ view_filter ] --END-- [ RunTime:0.003087s ]
INFO: [ view_end ] --START--
INFO: Run ShowPageTrace Behavior [ RunTime:0.001011s ]
INFO: [ view_end ] --END-- [ RunTime:0.001045s ]

[ 2019-01-01T12:42:40+08:00 ] 0.0.0.0 /index.php/Index/index
INFO: [ route_check ] --START--
INFO: Run CheckRoute Behavior [ RunTime:0.001335s ]
INFO: [ route_check ] --END-- [ RunTime:0.001391s ]
INFO: [ app_begin ] --START--
INFO: Run ReadHtmlCache Behavior [ RunTime:0.001027s ]
INFO: [ app_begin ] --END-- [ RunTime:0.001068s ]
NOTIC: [2048] Declaration of IndexAction::show() should be compatible with Action::show($content, $charset = '', $contentType = '', $prefix = '') D:\myphp_www\PHPTutorial\WWW\Home\Lib\Action\IndexAction.class.php 第 18 行.
INFO: [ view_template ] --START--
INFO: Run LocationTemplate Behavior [ RunTime:0.001396s ]
INFO: [ view_template ] --END-- [ RunTime:0.001435s ]
INFO: [ view_parse ] --START--
INFO: Run ParseTemplate Behavior [ RunTime:0.007903s ]
INFO: [ view_parse ] --END-- [ RunTime:0.007949s ]
INFO: [ view_filter ] --START--
INFO: Run ContentReplace Behavior [ RunTime:0.000845s ]
INFO: Run TokenBuild Behavior [ RunTime:0.000833s ]
INFO: Run WriteHtmlCache Behavior [ RunTime:0.000836s ]
INFO: Run ShowRuntime Behavior [ RunTime:0.000838s ]
INFO: [ view_filter ] --END-- [ RunTime:0.003449s ]
INFO: [ view_end ] --START--
INFO: Run ShowPageTrace Behavior [ RunTime:0.000930s ]
INFO: [ view_end ] --END-- [ RunTime:0.000960s ]

[ 2019-01-01T12:50:28+08:00 ] 0.0.0.0 /index.php/Index/index
INFO: [ route_check ] --START--
INFO: Run CheckRoute Behavior [ RunTime:0.001481s ]
INFO: [ route_check ] --END-- [ RunTime:0.001540s ]
INFO: [ app_begin ] --START--
INFO: Run ReadHtmlCache Behavior [ RunTime:0.001032s ]
INFO: [ app_begin ] --END-- [ RunTime:0.001081s ]
NOTIC: [2048] Declaration of IndexAction::show() should be compatible with Action::show($content, $charset = '', $contentType = '', $prefix = '') D:\myphp_www\PHPTutorial\WWW\Home\Lib\Action\IndexAction.class.php 第 18 行.
INFO: [ view_template ] --START--
INFO: Run LocationTemplate Behavior [ RunTime:0.001526s ]
INFO: [ view_template ] --END-- [ RunTime:0.001570s ]
INFO: [ view_parse ] --START--
INFO: Run ParseTemplate Behavior [ RunTime:0.008086s ]
INFO: [ view_parse ] --END-- [ RunTime:0.008129s ]
INFO: [ view_filter ] --START--
INFO: Run ContentReplace Behavior [ RunTime:0.000908s ]
INFO: Run TokenBuild Behavior [ RunTime:0.001144s ]
INFO: Run WriteHtmlCache Behavior [ RunTime:0.000804s ]
INFO: Run ShowRuntime Behavior [ RunTime:0.000994s ]
INFO: [ view_filter ] --END-- [ RunTime:0.003952s ]
INFO: [ view_end ] --START--
INFO: Run ShowPageTrace Behavior [ RunTime:0.001104s ]
INFO: [ view_end ] --END-- [ RunTime:0.001138s ]

[ 2019-01-01T12:50:29+08:00 ] 0.0.0.0 /index.php/Index/index
INFO: [ route_check ] --START--
INFO: Run CheckRoute Behavior [ RunTime:0.000816s ]
INFO: [ route_check ] --END-- [ RunTime:0.000868s ]
INFO: [ app_begin ] --START--
INFO: Run ReadHtmlCache Behavior [ RunTime:0.000687s ]
INFO: [ app_begin ] --END-- [ RunTime:0.000728s ]
NOTIC: [2048] Declaration of IndexAction::show() should be compatible with Action::show($content, $charset = '', $contentType = '', $prefix = '') D:\myphp_www\PHPTutorial\WWW\Home\Lib\Action\IndexAction.class.php 第 18 行.
INFO: [ view_template ] --START--
INFO: Run LocationTemplate Behavior [ RunTime:0.000723s ]
INFO: [ view_template ] --END-- [ RunTime:0.000765s ]
INFO: [ view_parse ] --START--
INFO: Run ParseTemplate Behavior [ RunTime:0.006785s ]
INFO: [ view_parse ] --END-- [ RunTime:0.006914s ]
INFO: [ view_filter ] --START--
INFO: Run ContentReplace Behavior [ RunTime:0.000827s ]
INFO: Run TokenBuild Behavior [ RunTime:0.000639s ]
INFO: Run WriteHtmlCache Behavior [ RunTime:0.000603s ]
INFO: Run ShowRuntime Behavior [ RunTime:0.000651s ]
INFO: [ view_filter ] --END-- [ RunTime:0.002820s ]
INFO: [ view_end ] --START--
INFO: Run ShowPageTrace Behavior [ RunTime:0.000760s ]
INFO: [ view_end ] --END-- [ RunTime:0.000803s ]

[ 2019-01-01T12:50:29+08:00 ] 0.0.0.0 /index.php/Index/index
INFO: [ route_check ] --START--
INFO: Run CheckRoute Behavior [ RunTime:0.000814s ]
INFO: [ route_check ] --END-- [ RunTime:0.000866s ]
INFO: [ app_begin ] --START--
INFO: Run ReadHtmlCache Behavior [ RunTime:0.000668s ]
INFO: [ app_begin ] --END-- [ RunTime:0.000704s ]
NOTIC: [2048] Declaration of IndexAction::show() should be compatible with Action::show($content, $charset = '', $contentType = '', $prefix = '') D:\myphp_www\PHPTutorial\WWW\Home\Lib\Action\IndexAction.class.php 第 18 行.
INFO: [ view_template ] --START--
INFO: Run LocationTemplate Behavior [ RunTime:0.000771s ]
INFO: [ view_template ] --END-- [ RunTime:0.000809s ]
INFO: [ view_parse ] --START--
INFO: Run ParseTemplate Behavior [ RunTime:0.005506s ]
INFO: [ view_parse ] --END-- [ RunTime:0.005544s ]
INFO: [ view_filter ] --START--
INFO: Run ContentReplace Behavior [ RunTime:0.000770s ]
INFO: Run TokenBuild Behavior [ RunTime:0.000654s ]
INFO: Run WriteHtmlCache Behavior [ RunTime:0.000662s ]
INFO: Run ShowRuntime Behavior [ RunTime:0.000836s ]
INFO: [ view_filter ] --END-- [ RunTime:0.003038s ]
INFO: [ view_end ] --START--
INFO: Run ShowPageTrace Behavior [ RunTime:0.000775s ]
INFO: [ view_end ] --END-- [ RunTime:0.000809s ]

[ 2019-01-01T12:50:29+08:00 ] 0.0.0.0 /index.php/Index/index
INFO: [ route_check ] --START--
INFO: Run CheckRoute Behavior [ RunTime:0.000884s ]
INFO: [ route_check ] --END-- [ RunTime:0.000938s ]
INFO: [ app_begin ] --START--
INFO: Run ReadHtmlCache Behavior [ RunTime:0.000713s ]
INFO: [ app_begin ] --END-- [ RunTime:0.000755s ]
NOTIC: [2048] Declaration of IndexAction::show() should be compatible with Action::show($content, $charset = '', $contentType = '', $prefix = '') D:\myphp_www\PHPTutorial\WWW\Home\Lib\Action\IndexAction.class.php 第 18 行.
INFO: [ view_template ] --START--
INFO: Run LocationTemplate Behavior [ RunTime:0.000767s ]
INFO: [ view_template ] --END-- [ RunTime:0.000807s ]
INFO: [ view_parse ] --START--
INFO: Run ParseTemplate Behavior [ RunTime:0.005642s ]
INFO: [ view_parse ] --END-- [ RunTime:0.005682s ]
INFO: [ view_filter ] --START--
INFO: Run ContentReplace Behavior [ RunTime:0.000600s ]
INFO: Run TokenBuild Behavior [ RunTime:0.000634s ]
INFO: Run WriteHtmlCache Behavior [ RunTime:0.000587s ]
INFO: Run ShowRuntime Behavior [ RunTime:0.000617s ]
INFO: [ view_filter ] --END-- [ RunTime:0.002533s ]
INFO: [ view_end ] --START--
INFO: Run ShowPageTrace Behavior [ RunTime:0.000768s ]
INFO: [ view_end ] --END-- [ RunTime:0.000797s ]

[ 2019-01-01T12:50:42+08:00 ] 0.0.0.0 /index.php/Index/index
INFO: [ route_check ] --START--
INFO: Run CheckRoute Behavior [ RunTime:0.000874s ]
INFO: [ route_check ] --END-- [ RunTime:0.000932s ]
INFO: [ app_begin ] --START--
INFO: Run ReadHtmlCache Behavior [ RunTime:0.000713s ]
INFO: [ app_begin ] --END-- [ RunTime:0.000754s ]
NOTIC: [2048] Declaration of IndexAction::show() should be compatible with Action::show($content, $charset = '', $contentType = '', $prefix = '') D:\myphp_www\PHPTutorial\WWW\Home\Lib\Action\IndexAction.class.php 第 18 行.
INFO: [ view_template ] --START--
INFO: Run LocationTemplate Behavior [ RunTime:0.000729s ]
INFO: [ view_template ] --END-- [ RunTime:0.000770s ]
INFO: [ view_parse ] --START--
INFO: Run ParseTemplate Behavior [ RunTime:0.005727s ]
INFO: [ view_parse ] --END-- [ RunTime:0.005772s ]
INFO: [ view_filter ] --START--
INFO: Run ContentReplace Behavior [ RunTime:0.000609s ]
INFO: Run TokenBuild Behavior [ RunTime:0.000617s ]
INFO: Run WriteHtmlCache Behavior [ RunTime:0.000564s ]
INFO: Run ShowRuntime Behavior [ RunTime:0.000674s ]
INFO: [ view_filter ] --END-- [ RunTime:0.002564s ]
INFO: [ view_end ] --START--
INFO: Run ShowPageTrace Behavior [ RunTime:0.000731s ]
INFO: [ view_end ] --END-- [ RunTime:0.000764s ]

[ 2019-01-01T12:50:43+08:00 ] 0.0.0.0 /index.php/Index/index
INFO: [ route_check ] --START--
INFO: Run CheckRoute Behavior [ RunTime:0.001161s ]
INFO: [ route_check ] --END-- [ RunTime:0.001236s ]
INFO: [ app_begin ] --START--
INFO: Run ReadHtmlCache Behavior [ RunTime:0.000745s ]
INFO: [ app_begin ] --END-- [ RunTime:0.000805s ]
NOTIC: [2048] Declaration of IndexAction::show() should be compatible with Action::show($content, $charset = '', $contentType = '', $prefix = '') D:\myphp_www\PHPTutorial\WWW\Home\Lib\Action\IndexAction.class.php 第 18 行.
INFO: [ view_template ] --START--
INFO: Run LocationTemplate Behavior [ RunTime:0.000836s ]
INFO: [ view_template ] --END-- [ RunTime:0.000877s ]
INFO: [ view_parse ] --START--
INFO: Run ParseTemplate Behavior [ RunTime:0.005722s ]
INFO: [ view_parse ] --END-- [ RunTime:0.005769s ]
INFO: [ view_filter ] --START--
INFO: Run ContentReplace Behavior [ RunTime:0.000599s ]
INFO: Run TokenBuild Behavior [ RunTime:0.000558s ]
INFO: Run WriteHtmlCache Behavior [ RunTime:0.000585s ]
INFO: Run ShowRuntime Behavior [ RunTime:0.000715s ]
INFO: [ view_filter ] --END-- [ RunTime:0.002559s ]
INFO: [ view_end ] --START--
INFO: Run ShowPageTrace Behavior [ RunTime:0.001665s ]
INFO: [ view_end ] --END-- [ RunTime:0.001807s ]

[ 2019-01-01T12:50:43+08:00 ] 0.0.0.0 /index.php/Index/index
INFO: [ route_check ] --START--
INFO: Run CheckRoute Behavior [ RunTime:0.000883s ]
INFO: [ route_check ] --END-- [ RunTime:0.000937s ]
INFO: [ app_begin ] --START--
INFO: Run ReadHtmlCache Behavior [ RunTime:0.000783s ]
INFO: [ app_begin ] --END-- [ RunTime:0.000866s ]
NOTIC: [2048] Declaration of IndexAction::show() should be compatible with Action::show($content, $charset = '', $contentType = '', $prefix = '') D:\myphp_www\PHPTutorial\WWW\Home\Lib\Action\IndexAction.class.php 第 18 行.
INFO: [ view_template ] --START--
INFO: Run LocationTemplate Behavior [ RunTime:0.001421s ]
INFO: [ view_template ] --END-- [ RunTime:0.001496s ]
INFO: [ view_parse ] --START--
INFO: Run ParseTemplate Behavior [ RunTime:0.006274s ]
INFO: [ view_parse ] --END-- [ RunTime:0.006323s ]
INFO: [ view_filter ] --START--
INFO: Run ContentReplace Behavior [ RunTime:0.000969s ]
INFO: Run TokenBuild Behavior [ RunTime:0.000635s ]
INFO: Run WriteHtmlCache Behavior [ RunTime:0.000634s ]
INFO: Run ShowRuntime Behavior [ RunTime:0.000723s ]
INFO: [ view_filter ] --END-- [ RunTime:0.003077s ]
INFO: [ view_end ] --START--
INFO: Run ShowPageTrace Behavior [ RunTime:0.000827s ]
INFO: [ view_end ] --END-- [ RunTime:0.000860s ]

[ 2019-01-01T12:50:43+08:00 ] 0.0.0.0 /index.php/Index/index
INFO: [ route_check ] --START--
INFO: Run CheckRoute Behavior [ RunTime:0.000907s ]
INFO: [ route_check ] --END-- [ RunTime:0.000986s ]
INFO: [ app_begin ] --START--
INFO: Run ReadHtmlCache Behavior [ RunTime:0.000825s ]
INFO: [ app_begin ] --END-- [ RunTime:0.000882s ]
NOTIC: [2048] Declaration of IndexAction::show() should be compatible with Action::show($content, $charset = '', $contentType = '', $prefix = '') D:\myphp_www\PHPTutorial\WWW\Home\Lib\Action\IndexAction.class.php 第 18 行.
INFO: [ view_template ] --START--
INFO: Run LocationTemplate Behavior [ RunTime:0.000718s ]
INFO: [ view_template ] --END-- [ RunTime:0.000755s ]
INFO: [ view_parse ] --START--
INFO: Run ParseTemplate Behavior [ RunTime:0.005577s ]
INFO: [ view_parse ] --END-- [ RunTime:0.005615s ]
INFO: [ view_filter ] --START--
INFO: Run ContentReplace Behavior [ RunTime:0.000557s ]
INFO: Run TokenBuild Behavior [ RunTime:0.000621s ]
INFO: Run WriteHtmlCache Behavior [ RunTime:0.000537s ]
INFO: Run ShowRuntime Behavior [ RunTime:0.000695s ]
INFO: [ view_filter ] --END-- [ RunTime:0.002504s ]
INFO: [ view_end ] --START--
INFO: Run ShowPageTrace Behavior [ RunTime:0.000752s ]
INFO: [ view_end ] --END-- [ RunTime:0.000782s ]

[ 2019-01-01T12:52:07+08:00 ] 0.0.0.0 /index.php/Index/index
INFO: [ route_check ] --START--
INFO: Run CheckRoute Behavior [ RunTime:0.000955s ]
INFO: [ route_check ] --END-- [ RunTime:0.001016s ]
INFO: [ app_begin ] --START--
INFO: Run ReadHtmlCache Behavior [ RunTime:0.000734s ]
INFO: [ app_begin ] --END-- [ RunTime:0.000777s ]
NOTIC: [2048] Declaration of IndexAction::show() should be compatible with Action::show($content, $charset = '', $contentType = '', $prefix = '') D:\myphp_www\PHPTutorial\WWW\Home\Lib\Action\IndexAction.class.php 第 18 行.
INFO: [ view_template ] --START--
INFO: Run LocationTemplate Behavior [ RunTime:0.000757s ]
INFO: [ view_template ] --END-- [ RunTime:0.000801s ]
INFO: [ view_parse ] --START--
INFO: Run ParseTemplate Behavior [ RunTime:0.005918s ]
INFO: [ view_parse ] --END-- [ RunTime:0.005962s ]
INFO: [ view_filter ] --START--
INFO: Run ContentReplace Behavior [ RunTime:0.000597s ]
INFO: Run TokenBuild Behavior [ RunTime:0.000601s ]
INFO: Run WriteHtmlCache Behavior [ RunTime:0.000572s ]
INFO: Run ShowRuntime Behavior [ RunTime:0.000678s ]
INFO: [ view_filter ] --END-- [ RunTime:0.002550s ]
INFO: [ view_end ] --START--
INFO: Run ShowPageTrace Behavior [ RunTime:0.000755s ]
INFO: [ view_end ] --END-- [ RunTime:0.000789s ]

[ 2019-01-01T13:07:01+08:00 ] ERR: (ThinkException) Access denied for user 'root'@'localhost' (using password: NO)
[ 2019-01-01T13:14:48+08:00 ] 0.0.0.0 /index.php/Index/index
INFO: [ route_check ] --START--
INFO: Run CheckRoute Behavior [ RunTime:0.001645s ]
INFO: [ route_check ] --END-- [ RunTime:0.001705s ]
INFO: [ app_begin ] --START--
INFO: Run ReadHtmlCache Behavior [ RunTime:0.001134s ]
INFO: [ app_begin ] --END-- [ RunTime:0.001175s ]
NOTIC: [2048] Declaration of IndexAction::show() should be compatible with Action::show($content, $charset = '', $contentType = '', $prefix = '') D:\myphp_www\PHPTutorial\WWW\Home\Lib\Action\IndexAction.class.php 第 22 行.
SQL: SHOW COLUMNS FROM `tp_user` [ RunTime:0.007740s ]
SQL: SELECT * FROM `tp_user`  [ RunTime:0.000224s ]
INFO: [ view_template ] --START--
INFO: Run LocationTemplate Behavior [ RunTime:0.003218s ]
INFO: [ view_template ] --END-- [ RunTime:0.003273s ]
INFO: [ view_parse ] --START--
INFO: Run ParseTemplate Behavior [ RunTime:0.011270s ]
INFO: [ view_parse ] --END-- [ RunTime:0.011322s ]
INFO: [ view_filter ] --START--
INFO: Run ContentReplace Behavior [ RunTime:0.001041s ]
INFO: Run TokenBuild Behavior [ RunTime:0.001097s ]
INFO: Run WriteHtmlCache Behavior [ RunTime:0.000950s ]
INFO: Run ShowRuntime Behavior [ RunTime:0.001101s ]
INFO: [ view_filter ] --END-- [ RunTime:0.004287s ]
INFO: [ view_end ] --START--
INFO: Run ShowPageTrace Behavior [ RunTime:0.001231s ]
INFO: [ view_end ] --END-- [ RunTime:0.001263s ]

[ 2019-01-01T13:16:56+08:00 ] 0.0.0.0 /index.php/Index/index
INFO: [ route_check ] --START--
INFO: Run CheckRoute Behavior [ RunTime:0.001357s ]
INFO: [ route_check ] --END-- [ RunTime:0.001414s ]
INFO: [ app_begin ] --START--
INFO: Run ReadHtmlCache Behavior [ RunTime:0.001001s ]
INFO: [ app_begin ] --END-- [ RunTime:0.001043s ]
NOTIC: [2048] Declaration of IndexAction::show() should be compatible with Action::show($content, $charset = '', $contentType = '', $prefix = '') D:\myphp_www\PHPTutorial\WWW\Home\Lib\Action\IndexAction.class.php 第 22 行.
SQL: SHOW COLUMNS FROM `tp_user` [ RunTime:0.016810s ]
SQL: SELECT * FROM `tp_user`  [ RunTime:0.000308s ]
INFO: [ view_template ] --START--
INFO: Run LocationTemplate Behavior [ RunTime:0.002264s ]
INFO: [ view_template ] --END-- [ RunTime:0.002315s ]
INFO: [ view_parse ] --START--
INFO: Run ParseTemplate Behavior [ RunTime:0.011695s ]
INFO: [ view_parse ] --END-- [ RunTime:0.011760s ]
INFO: [ view_filter ] --START--
INFO: Run ContentReplace Behavior [ RunTime:0.001154s ]
INFO: Run TokenBuild Behavior [ RunTime:0.001147s ]
INFO: Run WriteHtmlCache Behavior [ RunTime:0.001093s ]
INFO: Run ShowRuntime Behavior [ RunTime:0.001294s ]
INFO: [ view_filter ] --END-- [ RunTime:0.004822s ]
INFO: [ view_end ] --START--
INFO: Run ShowPageTrace Behavior [ RunTime:0.001559s ]
INFO: [ view_end ] --END-- [ RunTime:0.001598s ]

[ 2019-01-01T13:17:05+08:00 ] 0.0.0.0 /index.php/Index/index
INFO: [ route_check ] --START--
INFO: Run CheckRoute Behavior [ RunTime:0.001095s ]
INFO: [ route_check ] --END-- [ RunTime:0.001148s ]
INFO: [ app_begin ] --START--
INFO: Run ReadHtmlCache Behavior [ RunTime:0.001335s ]
INFO: [ app_begin ] --END-- [ RunTime:0.001392s ]
NOTIC: [2048] Declaration of IndexAction::show() should be compatible with Action::show($content, $charset = '', $contentType = '', $prefix = '') D:\myphp_www\PHPTutorial\WWW\Home\Lib\Action\IndexAction.class.php 第 22 行.
SQL: SHOW COLUMNS FROM `tp_user` [ RunTime:0.005159s ]
SQL: SELECT * FROM `tp_user`  [ RunTime:0.000272s ]
INFO: [ view_template ] --START--
INFO: Run LocationTemplate Behavior [ RunTime:0.002003s ]
INFO: [ view_template ] --END-- [ RunTime:0.002047s ]
INFO: [ view_parse ] --START--
INFO: Run ParseTemplate Behavior [ RunTime:0.010247s ]
INFO: [ view_parse ] --END-- [ RunTime:0.010306s ]
INFO: [ view_filter ] --START--
INFO: Run ContentReplace Behavior [ RunTime:0.000992s ]
INFO: Run TokenBuild Behavior [ RunTime:0.001029s ]
INFO: Run WriteHtmlCache Behavior [ RunTime:0.000951s ]
INFO: Run ShowRuntime Behavior [ RunTime:0.000892s ]
INFO: [ view_filter ] --END-- [ RunTime:0.003985s ]
INFO: [ view_end ] --START--
INFO: Run ShowPageTrace Behavior [ RunTime:0.001033s ]
INFO: [ view_end ] --END-- [ RunTime:0.001066s ]

[ 2019-01-01T13:53:47+08:00 ] 0.0.0.0 /index.php/Index/index
INFO: [ route_check ] --START--
INFO: Run CheckRoute Behavior [ RunTime:0.002258s ]
INFO: [ route_check ] --END-- [ RunTime:0.002326s ]
INFO: [ app_begin ] --START--
INFO: Run ReadHtmlCache Behavior [ RunTime:0.001549s ]
INFO: [ app_begin ] --END-- [ RunTime:0.001612s ]
NOTIC: [2048] Declaration of IndexAction::show() should be compatible with Action::show($content, $charset = '', $contentType = '', $prefix = '') D:\myphp_www\PHPTutorial\WWW\Home\Lib\Action\IndexAction.class.php 第 22 行.
SQL: SHOW COLUMNS FROM `tp_user` [ RunTime:0.006487s ]
SQL: SELECT * FROM `tp_user`  [ RunTime:0.000326s ]
INFO: [ view_template ] --START--
INFO: Run LocationTemplate Behavior [ RunTime:0.002118s ]
INFO: [ view_template ] --END-- [ RunTime:0.002157s ]
INFO: [ view_parse ] --START--
INFO: Run ParseTemplate Behavior [ RunTime:0.016018s ]
INFO: [ view_parse ] --END-- [ RunTime:0.016067s ]
INFO: [ view_filter ] --START--
INFO: Run ContentReplace Behavior [ RunTime:0.001231s ]
INFO: Run TokenBuild Behavior [ RunTime:0.001238s ]
INFO: Run WriteHtmlCache Behavior [ RunTime:0.001128s ]
INFO: Run ShowRuntime Behavior [ RunTime:0.001012s ]
INFO: [ view_filter ] --END-- [ RunTime:0.004712s ]
INFO: [ view_end ] --START--
INFO: Run ShowPageTrace Behavior [ RunTime:0.001442s ]
INFO: [ view_end ] --END-- [ RunTime:0.001491s ]

[ 2019-01-01T13:53:49+08:00 ] 0.0.0.0 /index.php/Index/index
INFO: [ route_check ] --START--
INFO: Run CheckRoute Behavior [ RunTime:0.001268s ]
INFO: [ route_check ] --END-- [ RunTime:0.001444s ]
INFO: [ app_begin ] --START--
INFO: Run ReadHtmlCache Behavior [ RunTime:0.001124s ]
INFO: [ app_begin ] --END-- [ RunTime:0.001168s ]
NOTIC: [2048] Declaration of IndexAction::show() should be compatible with Action::show($content, $charset = '', $contentType = '', $prefix = '') D:\myphp_www\PHPTutorial\WWW\Home\Lib\Action\IndexAction.class.php 第 22 行.
SQL: SHOW COLUMNS FROM `tp_user` [ RunTime:0.005460s ]
SQL: SELECT * FROM `tp_user`  [ RunTime:0.000209s ]
INFO: [ view_template ] --START--
INFO: Run LocationTemplate Behavior [ RunTime:0.001716s ]
INFO: [ view_template ] --END-- [ RunTime:0.001756s ]
INFO: [ view_parse ] --START--
INFO: Run ParseTemplate Behavior [ RunTime:0.009401s ]
INFO: [ view_parse ] --END-- [ RunTime:0.009453s ]
INFO: [ view_filter ] --START--
INFO: Run ContentReplace Behavior [ RunTime:0.000841s ]
INFO: Run TokenBuild Behavior [ RunTime:0.000853s ]
INFO: Run WriteHtmlCache Behavior [ RunTime:0.001377s ]
INFO: Run ShowRuntime Behavior [ RunTime:0.001603s ]
INFO: [ view_filter ] --END-- [ RunTime:0.004964s ]
INFO: [ view_end ] --START--
INFO: Run ShowPageTrace Behavior [ RunTime:0.001311s ]
INFO: [ view_end ] --END-- [ RunTime:0.001386s ]

[ 2019-01-01T13:53:49+08:00 ] 0.0.0.0 /index.php
INFO: [ app_begin ] --START--
INFO: Run ReadHtmlCache Behavior [ RunTime:0.001765s ]
INFO: [ app_begin ] --END-- [ RunTime:0.001849s ]
NOTIC: [2048] Declaration of IndexAction::show() should be compatible with Action::show($content, $charset = '', $contentType = '', $prefix = '') D:\myphp_www\PHPTutorial\WWW\Home\Lib\Action\IndexAction.class.php 第 22 行.
SQL: SHOW COLUMNS FROM `tp_user` [ RunTime:0.005370s ]
SQL: SELECT * FROM `tp_user`  [ RunTime:0.000215s ]
INFO: [ view_template ] --START--
INFO: Run LocationTemplate Behavior [ RunTime:0.002399s ]
INFO: [ view_template ] --END-- [ RunTime:0.002444s ]
INFO: [ view_parse ] --START--
INFO: Run ParseTemplate Behavior [ RunTime:0.020841s ]
INFO: [ view_parse ] --END-- [ RunTime:0.020889s ]
INFO: [ view_filter ] --START--
INFO: Run ContentReplace Behavior [ RunTime:0.001114s ]
INFO: Run TokenBuild Behavior [ RunTime:0.001194s ]
INFO: Run WriteHtmlCache Behavior [ RunTime:0.001056s ]
INFO: Run ShowRuntime Behavior [ RunTime:0.001143s ]
INFO: [ view_filter ] --END-- [ RunTime:0.004617s ]
INFO: [ view_end ] --START--
INFO: Run ShowPageTrace Behavior [ RunTime:0.001222s ]
INFO: [ view_end ] --END-- [ RunTime:0.001254s ]

[ 2019-01-01T13:54:30+08:00 ] 0.0.0.0 /index.php/Index/index
INFO: [ route_check ] --START--
INFO: Run CheckRoute Behavior [ RunTime:0.001160s ]
INFO: [ route_check ] --END-- [ RunTime:0.001221s ]
INFO: [ app_begin ] --START--
INFO: Run ReadHtmlCache Behavior [ RunTime:0.001048s ]
INFO: [ app_begin ] --END-- [ RunTime:0.001094s ]
NOTIC: [2048] Declaration of IndexAction::show() should be compatible with Action::show($content, $charset = '', $contentType = '', $prefix = '') D:\myphp_www\PHPTutorial\WWW\Home\Lib\Action\IndexAction.class.php 第 22 行.
SQL: SHOW COLUMNS FROM `tp_user` [ RunTime:0.005595s ]
SQL: SELECT * FROM `tp_user`  [ RunTime:0.000245s ]
INFO: [ view_template ] --START--
INFO: Run LocationTemplate Behavior [ RunTime:0.001807s ]
INFO: [ view_template ] --END-- [ RunTime:0.001858s ]
INFO: [ view_parse ] --START--
INFO: Run ParseTemplate Behavior [ RunTime:0.020812s ]
INFO: [ view_parse ] --END-- [ RunTime:0.020874s ]
INFO: [ view_filter ] --START--
INFO: Run ContentReplace Behavior [ RunTime:0.001297s ]
INFO: Run TokenBuild Behavior [ RunTime:0.000940s ]
INFO: Run WriteHtmlCache Behavior [ RunTime:0.001031s ]
INFO: Run ShowRuntime Behavior [ RunTime:0.000886s ]
INFO: [ view_filter ] --END-- [ RunTime:0.004285s ]
INFO: [ view_end ] --START--
INFO: Run ShowPageTrace Behavior [ RunTime:0.001054s ]
INFO: [ view_end ] --END-- [ RunTime:0.001086s ]

[ 2019-01-01T13:58:12+08:00 ] 0.0.0.0 /index.php/Index/index
INFO: [ route_check ] --START--
INFO: Run CheckRoute Behavior [ RunTime:0.001431s ]
INFO: [ route_check ] --END-- [ RunTime:0.001505s ]
INFO: [ app_begin ] --START--
INFO: Run ReadHtmlCache Behavior [ RunTime:0.001188s ]
INFO: [ app_begin ] --END-- [ RunTime:0.001244s ]
NOTIC: [2048] Declaration of IndexAction::show() should be compatible with Action::show($content, $charset = '', $contentType = '', $prefix = '') D:\myphp_www\PHPTutorial\WWW\Home\Lib\Action\IndexAction.class.php 第 23 行.
SQL: SHOW COLUMNS FROM `tp_user` [ RunTime:0.005214s ]
SQL: SELECT * FROM `tp_user`  [ RunTime:0.000211s ]
INFO: [ view_template ] --START--
INFO: Run LocationTemplate Behavior [ RunTime:0.002032s ]
INFO: [ view_template ] --END-- [ RunTime:0.002206s ]
INFO: [ view_parse ] --START--
INFO: Run ParseTemplate Behavior [ RunTime:0.010295s ]
INFO: [ view_parse ] --END-- [ RunTime:0.010370s ]
INFO: [ view_filter ] --START--
INFO: Run ContentReplace Behavior [ RunTime:0.001114s ]
INFO: Run TokenBuild Behavior [ RunTime:0.000973s ]
INFO: Run WriteHtmlCache Behavior [ RunTime:0.000871s ]
INFO: Run ShowRuntime Behavior [ RunTime:0.000987s ]
INFO: [ view_filter ] --END-- [ RunTime:0.004076s ]
INFO: [ view_end ] --START--
INFO: Run ShowPageTrace Behavior [ RunTime:0.001008s ]
INFO: [ view_end ] --END-- [ RunTime:0.001051s ]

[ 2019-01-01T14:05:26+08:00 ] 0.0.0.0 /index.php/Index/index
INFO: [ route_check ] --START--
INFO: Run CheckRoute Behavior [ RunTime:0.001916s ]
INFO: [ route_check ] --END-- [ RunTime:0.002117s ]
INFO: [ app_begin ] --START--
INFO: Run ReadHtmlCache Behavior [ RunTime:0.001367s ]
INFO: [ app_begin ] --END-- [ RunTime:0.001423s ]
NOTIC: [2048] Declaration of IndexAction::show() should be compatible with Action::show($content, $charset = '', $contentType = '', $prefix = '') D:\myphp_www\PHPTutorial\WWW\Home\Lib\Action\IndexAction.class.php 第 25 行.
SQL: SHOW COLUMNS FROM `tp_user` [ RunTime:0.005005s ]
SQL: SELECT * FROM `tp_user`  [ RunTime:0.000206s ]
INFO: [ view_template ] --START--
INFO: Run LocationTemplate Behavior [ RunTime:0.002096s ]
INFO: [ view_template ] --END-- [ RunTime:0.002148s ]
INFO: [ view_parse ] --START--
INFO: Run ParseTemplate Behavior [ RunTime:0.016950s ]
INFO: [ view_parse ] --END-- [ RunTime:0.017010s ]
INFO: [ view_filter ] --START--
INFO: Run ContentReplace Behavior [ RunTime:0.001412s ]
INFO: Run TokenBuild Behavior [ RunTime:0.001280s ]
INFO: Run WriteHtmlCache Behavior [ RunTime:0.000961s ]
INFO: Run ShowRuntime Behavior [ RunTime:0.001155s ]
INFO: [ view_filter ] --END-- [ RunTime:0.004942s ]
INFO: [ view_end ] --START--
INFO: Run ShowPageTrace Behavior [ RunTime:0.001179s ]
INFO: [ view_end ] --END-- [ RunTime:0.001222s ]

[ 2019-01-01T14:09:30+08:00 ] 0.0.0.0 /index.php/Index/index
INFO: [ route_check ] --START--
INFO: Run CheckRoute Behavior [ RunTime:0.001539s ]
INFO: [ route_check ] --END-- [ RunTime:0.001604s ]
INFO: [ app_begin ] --START--
INFO: Run ReadHtmlCache Behavior [ RunTime:0.001027s ]
INFO: [ app_begin ] --END-- [ RunTime:0.001084s ]
NOTIC: [2048] Declaration of IndexAction::show() should be compatible with Action::show($content, $charset = '', $contentType = '', $prefix = '') D:\myphp_www\PHPTutorial\WWW\Home\Lib\Action\IndexAction.class.php 第 25 行.
SQL: SHOW COLUMNS FROM `tp_user` [ RunTime:0.007310s ]
SQL: SELECT * FROM `tp_user`  [ RunTime:0.000218s ]
INFO: [ view_template ] --START--
INFO: Run LocationTemplate Behavior [ RunTime:0.002043s ]
INFO: [ view_template ] --END-- [ RunTime:0.002098s ]
INFO: [ view_parse ] --START--
NOTIC: [8] Array to string conversion D:\myphp_www\PHPTutorial\WWW\Home\Runtime\Cache\7e4848229090366086cc7eeb3bfc0798.php 第 8 行.
INFO: Run ParseTemplate Behavior [ RunTime:0.014141s ]
INFO: [ view_parse ] --END-- [ RunTime:0.014191s ]
INFO: [ view_filter ] --START--
INFO: Run ContentReplace Behavior [ RunTime:0.001044s ]
INFO: Run TokenBuild Behavior [ RunTime:0.000998s ]
INFO: Run WriteHtmlCache Behavior [ RunTime:0.000822s ]
INFO: Run ShowRuntime Behavior [ RunTime:0.001010s ]
INFO: [ view_filter ] --END-- [ RunTime:0.003984s ]
INFO: [ view_end ] --START--
INFO: Run ShowPageTrace Behavior [ RunTime:0.001559s ]
INFO: [ view_end ] --END-- [ RunTime:0.001635s ]

[ 2019-01-01T14:11:13+08:00 ] 0.0.0.0 /index.php/Index/index
INFO: [ route_check ] --START--
INFO: Run CheckRoute Behavior [ RunTime:0.001122s ]
INFO: [ route_check ] --END-- [ RunTime:0.001173s ]
INFO: [ app_begin ] --START--
INFO: Run ReadHtmlCache Behavior [ RunTime:0.001003s ]
INFO: [ app_begin ] --END-- [ RunTime:0.001042s ]
NOTIC: [2048] Declaration of IndexAction::show() should be compatible with Action::show($content, $charset = '', $contentType = '', $prefix = '') D:\myphp_www\PHPTutorial\WWW\Home\Lib\Action\IndexAction.class.php 第 25 行.
SQL: SHOW COLUMNS FROM `tp_user` [ RunTime:0.005295s ]
SQL: SELECT * FROM `tp_user`  [ RunTime:0.000238s ]
INFO: [ view_template ] --START--
INFO: Run LocationTemplate Behavior [ RunTime:0.001912s ]
INFO: [ view_template ] --END-- [ RunTime:0.001993s ]
INFO: [ view_parse ] --START--
NOTIC: [8] Array to string conversion D:\myphp_www\PHPTutorial\WWW\Home\Runtime\Cache\7e4848229090366086cc7eeb3bfc0798.php 第 8 行.
INFO: Run ParseTemplate Behavior [ RunTime:0.015501s ]
INFO: [ view_parse ] --END-- [ RunTime:0.015555s ]
INFO: [ view_filter ] --START--
INFO: Run ContentReplace Behavior [ RunTime:0.000847s ]
INFO: Run TokenBuild Behavior [ RunTime:0.000871s ]
INFO: Run WriteHtmlCache Behavior [ RunTime:0.000813s ]
INFO: Run ShowRuntime Behavior [ RunTime:0.000954s ]
INFO: [ view_filter ] --END-- [ RunTime:0.003576s ]
INFO: [ view_end ] --START--
INFO: Run ShowPageTrace Behavior [ RunTime:0.001000s ]
INFO: [ view_end ] --END-- [ RunTime:0.001031s ]

[ 2019-01-01T14:11:22+08:00 ] 0.0.0.0 /index.php/Index/index
INFO: [ route_check ] --START--
INFO: Run CheckRoute Behavior [ RunTime:0.001427s ]
INFO: [ route_check ] --END-- [ RunTime:0.001565s ]
INFO: [ app_begin ] --START--
INFO: Run ReadHtmlCache Behavior [ RunTime:0.001021s ]
INFO: [ app_begin ] --END-- [ RunTime:0.001071s ]
NOTIC: [2048] Declaration of IndexAction::show() should be compatible with Action::show($content, $charset = '', $contentType = '', $prefix = '') D:\myphp_www\PHPTutorial\WWW\Home\Lib\Action\IndexAction.class.php 第 25 行.
SQL: SHOW COLUMNS FROM `tp_user` [ RunTime:0.005645s ]
SQL: SELECT * FROM `tp_user`  [ RunTime:0.000178s ]
INFO: [ view_template ] --START--
INFO: Run LocationTemplate Behavior [ RunTime:0.001686s ]
INFO: [ view_template ] --END-- [ RunTime:0.001722s ]
INFO: [ view_parse ] --START--
NOTIC: [8] Array to string conversion D:\myphp_www\PHPTutorial\WWW\Home\Runtime\Cache\7e4848229090366086cc7eeb3bfc0798.php 第 8 行.
INFO: Run ParseTemplate Behavior [ RunTime:0.020766s ]
INFO: [ view_parse ] --END-- [ RunTime:0.020816s ]
INFO: [ view_filter ] --START--
INFO: Run ContentReplace Behavior [ RunTime:0.001015s ]
INFO: Run TokenBuild Behavior [ RunTime:0.000984s ]
INFO: Run WriteHtmlCache Behavior [ RunTime:0.000886s ]
INFO: Run ShowRuntime Behavior [ RunTime:0.000896s ]
INFO: [ view_filter ] --END-- [ RunTime:0.003903s ]
INFO: [ view_end ] --START--
INFO: Run ShowPageTrace Behavior [ RunTime:0.001048s ]
INFO: [ view_end ] --END-- [ RunTime:0.001090s ]

